2018-10-07 22:54:54,755:LOGGING INICIALIZADO
2018-10-07 22:54:56,562:Pointer moved to (993, 540)
2018-10-07 22:54:56,586:Pointer moved to (993, 539)
2018-10-07 22:54:56,594:Pointer moved to (992, 537)
2018-10-07 22:54:56,602:Pointer moved to (992, 535)
2018-10-07 22:54:56,610:Pointer moved to (990, 532)
2018-10-07 22:54:56,618:Pointer moved to (988, 527)
2018-10-07 22:54:56,627:Pointer moved to (985, 520)
2018-10-07 22:54:56,634:Pointer moved to (981, 512)
2018-10-07 22:54:56,642:Pointer moved to (975, 501)
2018-10-07 22:54:56,651:Pointer moved to (969, 486)
2018-10-07 22:54:56,659:Pointer moved to (963, 472)
2018-10-07 22:54:56,667:Pointer moved to (957, 454)
2018-10-07 22:54:56,674:Pointer moved to (950, 437)
2018-10-07 22:54:56,683:Pointer moved to (942, 419)
2018-10-07 22:54:56,691:Pointer moved to (935, 402)
2018-10-07 22:54:56,699:Pointer moved to (931, 388)
2018-10-07 22:54:56,707:Pointer moved to (927, 376)
2018-10-07 22:54:56,715:Pointer moved to (925, 364)
2018-10-07 22:54:56,723:Pointer moved to (923, 353)
2018-10-07 22:54:56,731:Pointer moved to (921, 343)
2018-10-07 22:54:56,738:Pointer moved to (920, 334)
2018-10-07 22:54:56,746:Pointer moved to (920, 327)
2018-10-07 22:54:56,754:Pointer moved to (919, 316)
2018-10-07 22:54:56,762:Pointer moved to (917, 309)
2018-10-07 22:54:56,771:Pointer moved to (916, 302)
2018-10-07 22:54:56,779:Pointer moved to (915, 297)
2018-10-07 22:54:56,787:Pointer moved to (915, 294)
2018-10-07 22:54:56,795:Pointer moved to (914, 290)
2018-10-07 22:54:56,803:Pointer moved to (914, 288)
2018-10-07 22:54:56,811:Pointer moved to (914, 288)
2018-10-07 22:54:56,819:Pointer moved to (914, 287)
2018-10-07 22:54:57,003:Pointer moved to (914, 287)
2018-10-07 22:54:57,011:Pointer moved to (915, 286)
2018-10-07 22:54:57,019:Pointer moved to (920, 286)
2018-10-07 22:54:57,026:Pointer moved to (931, 284)
2018-10-07 22:54:57,034:Pointer moved to (941, 282)
2018-10-07 22:54:57,042:Pointer moved to (950, 279)
2018-10-07 22:54:57,050:Pointer moved to (959, 275)
2018-10-07 22:54:57,058:Pointer moved to (967, 271)
2018-10-07 22:54:57,066:Pointer moved to (975, 267)
2018-10-07 22:54:57,075:Pointer moved to (981, 263)
2018-10-07 22:54:57,082:Pointer moved to (985, 259)
2018-10-07 22:54:57,090:Pointer moved to (988, 256)
2018-10-07 22:54:57,099:Pointer moved to (990, 253)
2018-10-07 22:54:57,107:Pointer moved to (990, 250)
2018-10-07 22:54:57,115:Pointer moved to (990, 248)
2018-10-07 22:54:57,123:Pointer moved to (990, 245)
2018-10-07 22:54:57,131:Pointer moved to (990, 243)
2018-10-07 22:54:57,138:Pointer moved to (990, 241)
2018-10-07 22:54:57,146:Pointer moved to (990, 238)
2018-10-07 22:54:57,155:Pointer moved to (990, 236)
2018-10-07 22:54:57,162:Pointer moved to (988, 234)
2018-10-07 22:54:57,170:Pointer moved to (987, 231)
2018-10-07 22:54:57,179:Pointer moved to (984, 229)
2018-10-07 22:54:57,187:Pointer moved to (979, 226)
2018-10-07 22:54:57,195:Pointer moved to (973, 223)
2018-10-07 22:54:57,202:Pointer moved to (967, 221)
2018-10-07 22:54:57,211:Pointer moved to (959, 219)
2018-10-07 22:54:57,219:Pointer moved to (951, 217)
2018-10-07 22:54:57,226:Pointer moved to (942, 216)
2018-10-07 22:54:57,234:Pointer moved to (934, 216)
2018-10-07 22:54:57,242:Pointer moved to (925, 216)
2018-10-07 22:54:57,250:Pointer moved to (917, 216)
2018-10-07 22:54:57,259:Pointer moved to (908, 216)
2018-10-07 22:54:57,266:Pointer moved to (899, 217)
2018-10-07 22:54:57,274:Pointer moved to (891, 219)
2018-10-07 22:54:57,283:Pointer moved to (884, 221)
2018-10-07 22:54:57,290:Pointer moved to (877, 224)
2018-10-07 22:54:57,299:Pointer moved to (872, 226)
2018-10-07 22:54:57,307:Pointer moved to (869, 227)
2018-10-07 22:54:57,315:Pointer moved to (868, 228)
2018-10-07 22:54:57,322:Pointer moved to (867, 229)
2018-10-07 22:54:57,330:Pointer moved to (867, 229)
2018-10-07 22:54:57,362:Pointer moved to (868, 229)
2018-10-07 22:54:57,370:Pointer moved to (871, 229)
2018-10-07 22:54:57,378:Pointer moved to (876, 229)
2018-10-07 22:54:57,386:Pointer moved to (883, 227)
2018-10-07 22:54:57,394:Pointer moved to (890, 223)
2018-10-07 22:54:57,403:Pointer moved to (900, 219)
2018-10-07 22:54:57,411:Pointer moved to (911, 212)
2018-10-07 22:54:57,434:Pointer moved to (935, 196)
2018-10-07 22:54:57,435:Pointer moved to (947, 187)
2018-10-07 22:54:57,442:Pointer moved to (957, 177)
2018-10-07 22:54:57,451:Pointer moved to (966, 167)
2018-10-07 22:54:57,459:Pointer moved to (974, 158)
2018-10-07 22:54:57,467:Pointer moved to (979, 149)
2018-10-07 22:54:57,475:Pointer moved to (983, 142)
2018-10-07 22:54:57,482:Pointer moved to (985, 134)
2018-10-07 22:54:57,490:Pointer moved to (986, 127)
2018-10-07 22:54:57,499:Pointer moved to (987, 120)
2018-10-07 22:54:57,507:Pointer moved to (987, 114)
2018-10-07 22:54:57,515:Pointer moved to (987, 110)
2018-10-07 22:54:57,523:Pointer moved to (987, 106)
2018-10-07 22:54:57,531:Pointer moved to (987, 102)
2018-10-07 22:54:57,539:Pointer moved to (987, 99)
2018-10-07 22:54:57,547:Pointer moved to (986, 97)
2018-10-07 22:54:57,563:Pointer moved to (986, 97)
2018-10-07 22:54:57,587:Pointer moved to (986, 96)
2018-10-07 22:54:57,595:Pointer moved to (986, 96)
2018-10-07 22:54:57,603:Pointer moved to (985, 95)
2018-10-07 22:54:57,619:Pointer moved to (984, 94)
2018-10-07 22:54:57,627:Pointer moved to (983, 94)
2018-10-07 22:54:57,635:Pointer moved to (983, 93)
2018-10-07 22:54:57,643:Pointer moved to (981, 93)
2018-10-07 22:54:57,651:Pointer moved to (980, 91)
2018-10-07 22:54:57,658:Pointer moved to (979, 91)
2018-10-07 22:54:57,667:Pointer moved to (978, 90)
2018-10-07 22:54:57,674:Pointer moved to (978, 90)
2018-10-07 22:54:57,683:Pointer moved to (977, 89)
2018-10-07 22:54:57,699:Pointer moved to (975, 88)
2018-10-07 22:54:57,707:Pointer moved to (974, 87)
2018-10-07 22:54:57,714:Pointer moved to (973, 86)
2018-10-07 22:54:57,723:Pointer moved to (971, 84)
2018-10-07 22:54:57,730:Pointer moved to (970, 83)
2018-10-07 22:54:57,739:Pointer moved to (968, 81)
2018-10-07 22:54:57,773:Pointer moved to (967, 80)
2018-10-07 22:54:57,774:Pointer moved to (962, 75)
2018-10-07 22:54:57,779:Pointer moved to (961, 74)
2018-10-07 22:54:57,790:Pointer moved to (960, 72)
2018-10-07 22:54:57,795:Pointer moved to (960, 71)
2018-10-07 22:54:57,810:Pointer moved to (960, 70)
2018-10-07 22:54:57,826:Pointer moved to (959, 70)
2018-10-07 22:54:57,931:Pressed at (959, 70)
2018-10-07 22:54:58,003:Released at (959, 70)
2018-10-07 22:54:59,683:Key.shift_r pressed
2018-10-07 22:54:59,827:'e' pressed
2018-10-07 22:54:59,875:Key.shift_r release
2018-10-07 22:54:59,938:'s' pressed
2018-10-07 22:55:00,019:'t' pressed
2018-10-07 22:55:00,051:'e' release
2018-10-07 22:55:00,067:'s' release
2018-10-07 22:55:00,100:'t' release
2018-10-07 22:55:00,163:'a' pressed
2018-10-07 22:55:00,259:Key.space pressed
2018-10-07 22:55:00,307:'a' release
2018-10-07 22:55:00,371:Key.space release
2018-10-07 22:55:00,387:'e' pressed
2018-10-07 22:55:00,516:'s' pressed
2018-10-07 22:55:00,547:'e' release
2018-10-07 22:55:00,579:Key.space pressed
2018-10-07 22:55:00,691:'s' release
2018-10-07 22:55:00,700:'u' pressed
2018-10-07 22:55:00,707:Key.space release
2018-10-07 22:55:00,771:'u' release
2018-10-07 22:55:00,851:'n' pressed
2018-10-07 22:55:00,932:'a' pressed
2018-10-07 22:55:00,979:'n' release
2018-10-07 22:55:01,027:Key.space pressed
2018-10-07 22:55:01,075:'a' release
2018-10-07 22:55:01,139:'p' pressed
2018-10-07 22:55:01,155:Key.space release
2018-10-07 22:55:01,267:'r' pressed
2018-10-07 22:55:01,283:'p' release
2018-10-07 22:55:01,362:'r' release
2018-10-07 22:55:01,371:'u' pressed
2018-10-07 22:55:01,427:'u' release
2018-10-07 22:55:01,747:'e' pressed
2018-10-07 22:55:01,859:'e' release
2018-10-07 22:55:02,379:'b' pressed
2018-10-07 22:55:02,395:'b' release
2018-10-07 22:55:02,826:'a' pressed
2018-10-07 22:55:02,923:'a' release
2018-10-07 22:55:02,932:Key.space pressed
2018-10-07 22:55:03,019:Key.space release
2018-10-07 22:55:03,067:'d' pressed
2018-10-07 22:55:03,116:'d' release
2018-10-07 22:55:03,195:'e' pressed
2018-10-07 22:55:03,259:'l' pressed
2018-10-07 22:55:03,323:'e' release
2018-10-07 22:55:03,355:'l' release
2018-10-07 22:55:03,387:Key.space pressed
2018-10-07 22:55:03,483:Key.space release
2018-10-07 22:55:05,355:'k' pressed
2018-10-07 22:55:05,459:'e' pressed
2018-10-07 22:55:05,467:'k' release
2018-10-07 22:55:05,532:'e' release
2018-10-07 22:55:05,708:'y' pressed
2018-10-07 22:55:05,867:'y' release
2018-10-07 22:55:06,027:'l' pressed
2018-10-07 22:55:06,123:'l' release
2018-10-07 22:55:06,220:'o' pressed
2018-10-07 22:55:06,283:'o' release
2018-10-07 22:55:06,332:'g' pressed
2018-10-07 22:55:06,412:'g' release
2018-10-07 22:55:06,508:'g' pressed
2018-10-07 22:55:06,603:'g' release
2018-10-07 22:55:06,667:'e' pressed
2018-10-07 22:55:06,746:'r' pressed
2018-10-07 22:55:06,811:'e' release
2018-10-07 22:55:06,843:'r' release
2018-10-07 22:55:06,875:'.' pressed
2018-10-07 22:55:06,939:'.' release
2018-10-07 22:55:07,819:Key.enter pressed
2018-10-07 22:55:07,883:Key.enter release
2018-10-07 22:55:08,011:Key.enter pressed
2018-10-07 22:55:08,075:Key.enter release
2018-10-07 22:55:08,219:Key.shift_r pressed
2018-10-07 22:55:08,300:'s' pressed
2018-10-07 22:55:08,362:Key.shift_r release
2018-10-07 22:55:08,379:'s' release
2018-10-07 22:55:08,459:'a' pressed
2018-10-07 22:55:08,507:'l' pressed
2018-10-07 22:55:08,571:'a' release
2018-10-07 22:55:08,579:'l' release
2018-10-07 22:55:08,636:'u' pressed
2018-10-07 22:55:08,716:'u' release
2018-10-07 22:55:08,747:'d' pressed
2018-10-07 22:55:08,826:'d' release
2018-10-07 22:55:08,842:'o' pressed
2018-10-07 22:55:08,891:'o' release
2018-10-07 22:55:09,371:'s' pressed
2018-10-07 22:55:09,468:'s' release
2018-10-07 22:55:10,010:'.' pressed
2018-10-07 22:55:10,075:'.' release
2018-10-07 22:55:10,235:Key.enter pressed
2018-10-07 22:55:10,283:Key.enter release
2018-10-07 22:55:10,363:Key.enter pressed
2018-10-07 22:55:10,427:Key.enter release
2018-10-07 22:55:10,603:Key.shift pressed
2018-10-07 22:55:10,763:'h' pressed
2018-10-07 22:55:10,843:'h' release
2018-10-07 22:55:10,907:Key.shift release
2018-10-07 22:55:11,116:'o' pressed
2018-10-07 22:55:11,203:'o' release
2018-10-07 22:55:11,259:'a' pressed
2018-10-07 22:55:11,419:'t' pressed
2018-10-07 22:55:11,466:'a' release
2018-10-07 22:55:11,612:'t' release
2018-10-07 22:55:11,755:'2' pressed
2018-10-07 22:55:11,867:'3' pressed
2018-10-07 22:55:11,963:'2' release
2018-10-07 22:55:12,027:'3' release
2018-10-07 22:55:12,171:'.' pressed
2018-10-07 22:55:12,266:'.' release
2018-10-07 22:55:14,035:Key.esc pressed
2018-10-07 22:55:14,146:Key.esc release
